<?xml version="1.0" encoding="UTF-8" standalone="yes"?><!DOCTYPE report PUBLIC "-//JACOCO//DTD Report 1.1//EN" "report.dtd"><report name="untitled2"><sessioninfo id="LAPTOP-J736RFK0-9d29bf34" start="1679952123671" dump="1679952125229"/><sessioninfo id="LAPTOP-J736RFK0-e2fa6758" start="1679952319304" dump="1679952320823"/><sessioninfo id="LAPTOP-J736RFK0-8226396a" start="1679952408331" dump="1679952410029"/><sessioninfo id="LAPTOP-J736RFK0-1ba6f3e9" start="1679952506891" dump="1679952508480"/><sessioninfo id="LAPTOP-J736RFK0-57b57c60" start="1679953217180" dump="1679953219405"/><sessioninfo id="LAPTOP-J736RFK0-76d29f9f" start="1679953387612" dump="1679953389667"/><sessioninfo id="LAPTOP-J736RFK0-b689bb2" start="1679953640136" dump="1679953641763"/><sessioninfo id="LAPTOP-J736RFK0-d429e351" start="1679954093008" dump="1679954094778"/><sessioninfo id="LAPTOP-J736RFK0-9e1ecfa4" start="1679954332752" dump="1679954334502"/><sessioninfo id="LAPTOP-J736RFK0-98f2630" start="1679954432535" dump="1679954434152"/><sessioninfo id="LAPTOP-J736RFK0-5a5cf7ee" start="1679954635409" dump="1679954636930"/><sessioninfo id="LAPTOP-J736RFK0-dfc452ac" start="1679954697439" dump="1679954699057"/><sessioninfo id="LAPTOP-J736RFK0-b8c0969" start="1679954738374" dump="1679954740234"/><package name="ru/netology/statistic"><class name="ru/netology/statistic/StatisticsService" sourcefilename="StatisticsService.java"><method name="&lt;init&gt;" desc="()V" line="4"><counter type="INSTRUCTION" missed="0" covered="3"/><counter type="LINE" missed="0" covered="1"/><counter type="COMPLEXITY" missed="0" covered="1"/><counter type="METHOD" missed="0" covered="1"/></method><method name="findMax" desc="([J)J" line="12"><counter type="INSTRUCTION" missed="0" covered="28"/><counter type="BRANCH" missed="0" covered="4"/><counter type="LINE" missed="0" covered="5"/><counter type="COMPLEXITY" missed="0" covered="3"/><counter type="METHOD" missed="0" covered="1"/></method><counter type="INSTRUCTION" missed="0" covered="31"/><counter type="BRANCH" missed="0" covered="4"/><counter type="LINE" missed="0" covered="6"/><counter type="COMPLEXITY" missed="0" covered="4"/><counter type="METHOD" missed="0" covered="2"/><counter type="CLASS" missed="0" covered="1"/></class><sourcefile name="StatisticsService.java"><line nr="4" mi="0" ci="3" mb="0" cb="0"/><line nr="12" mi="0" ci="4" mb="0" cb="0"/><line nr="13" mi="0" ci="16" mb="0" cb="2"/><line nr="14" mi="0" ci="4" mb="0" cb="2"/><line nr="15" mi="0" ci="2" mb="0" cb="0"/><line nr="16" mi="0" ci="2" mb="0" cb="0"/><counter type="INSTRUCTION" missed="0" covered="31"/><counter type="BRANCH" missed="0" covered="4"/><counter type="LINE" missed="0" covered="6"/><counter type="COMPLEXITY" missed="0" covered="4"/><counter type="METHOD" missed="0" covered="2"/><counter type="CLASS" missed="0" covered="1"/></sourcefile><counter type="INSTRUCTION" missed="0" covered="31"/><counter type="BRANCH" missed="0" covered="4"/><counter type="LINE" missed="0" covered="6"/><counter type="COMPLEXITY" missed="0" covered="4"/><counter type="METHOD" missed="0" covered="2"/><counter type="CLASS" missed="0" covered="1"/></package><counter type="INSTRUCTION" missed="0" covered="31"/><counter type="BRANCH" missed="0" covered="4"/><counter type="LINE" missed="0" covered="6"/><counter type="COMPLEXITY" missed="0" covered="4"/><counter type="METHOD" missed="0" covered="2"/><counter type="CLASS" missed="0" covered="1"/></report>